\BOOKMARK [1][-]{section.1}{\376\377\000E\000i\000n\000l\000e\000i\000t\000u\000n\000g}{}% 1
\BOOKMARK [1][-]{section.2}{\376\377\000E\000n\000u\000m\000s}{}% 2
\BOOKMARK [2][-]{subsection.2.1}{\376\377\000E\000n\000u\000m\000s\000\040\000i\000n\000\040\000R\000u\000s\000t}{section.2}% 3
\BOOKMARK [3][-]{subsubsection.2.1.1}{\376\377\000N\000o\000r\000m\000a\000l\000e\000\040\000E\000n\000u\000m\000s}{subsection.2.1}% 4
\BOOKMARK [3][-]{subsubsection.2.1.2}{\376\377\000E\000n\000u\000m\000\040\000m\000i\000t\000\040\000W\000e\000r\000t\000e\000n}{subsection.2.1}% 5
\BOOKMARK [3][-]{subsubsection.2.1.3}{\376\377\000E\000n\000u\000m\000\040\000m\000i\000t\000\040\000F\000u\000n\000k\000t\000i\000o\000n\000e\000n}{subsection.2.1}% 6
\BOOKMARK [2][-]{subsection.2.2}{\376\377\000E\000n\000u\000m\000s\000\040\000i\000n\000\040\000J\000a\000v\000a}{section.2}% 7
\BOOKMARK [3][-]{subsubsection.2.2.1}{\376\377\000N\000o\000r\000m\000a\000l\000e\000\040\000E\000n\000u\000m\000s}{subsection.2.2}% 8
\BOOKMARK [3][-]{subsubsection.2.2.2}{\376\377\000E\000n\000u\000m\000s\000\040\000m\000i\000t\000\040\000W\000e\000r\000t\000e\000n}{subsection.2.2}% 9
\BOOKMARK [3][-]{subsubsection.2.2.3}{\376\377\000E\000n\000u\000m\000\040\000m\000i\000t\000\040\000F\000u\000n\000k\000t\000i\000o\000n\000e\000n}{subsection.2.2}% 10
\BOOKMARK [2][-]{subsection.2.3}{\376\377\000M\000\344\000c\000h\000t\000i\000g\000k\000e\000i\000t\000\040\000v\000o\000n\000\040\000R\000u\000s\000t\000\040\000E\000n\000u\000m\000s}{section.2}% 11
\BOOKMARK [3][-]{subsubsection.2.3.1}{\376\377\000D\000e\000r\000\040\000E\000n\000u\000m\000\040\000a\000l\000s\000\040\000a\000l\000g\000e\000b\000r\000a\000i\000s\000c\000h\000e\000r\000\040\000D\000a\000t\000e\000n\000t\000y\000p}{subsection.2.3}% 12
\BOOKMARK [3][-]{subsubsection.2.3.2}{\376\377\000G\000e\000n\000e\000r\000i\000s\000c\000h\000e\000\040\000E\000n\000u\000m\000s}{subsection.2.3}% 13
\BOOKMARK [3][-]{subsubsection.2.3.3}{\376\377\000R\000u\000s\000t\000\040\000E\000n\000u\000m\000s\000\040\000u\000n\000d\000\040\000d\000i\000e\000\040\000V\000e\000r\000m\000e\000i\000d\000u\000n\000g\000\040\000v\000o\000n\000\040\000N\000u\000l\000l\000p\000o\000i\000n\000t\000e\000r\000-\000A\000u\000s\000n\000a\000h\000m\000e\000n}{subsection.2.3}% 14
\BOOKMARK [3][-]{subsubsection.2.3.4}{\376\377\000R\000e\000k\000u\000r\000s\000i\000v\000e\000\040\000E\000n\000u\000m\000s}{subsection.2.3}% 15
\BOOKMARK [3][-]{subsubsection.2.3.5}{\376\377\000M\000a\000t\000c\000h\000\040\000S\000t\000a\000t\000e\000m\000e\000n\000t}{subsection.2.3}% 16
\BOOKMARK [3][-]{subsubsection.2.3.6}{\376\377\000F\000e\000s\000t\000e\000\040\000E\000n\000u\000m\000\040\000C\000a\000s\000e\000s}{subsection.2.3}% 17
\BOOKMARK [3][-]{subsubsection.2.3.7}{\376\377\000N\000e\000s\000t\000e\000d\000\040\000P\000a\000t\000t\000e\000r\000n\000\040\000M\000a\000t\000c\000h\000i\000n\000g}{subsection.2.3}% 18
\BOOKMARK [3][-]{subsubsection.2.3.8}{\376\377\000E\000r\000w\000e\000i\000t\000e\000r\000b\000a\000r\000e\000\040\000F\000u\000n\000k\000t\000i\000o\000n\000e\000n\000\040\000f\000\374\000r\000\040\000E\000n\000u\000m\000s}{subsection.2.3}% 19
\BOOKMARK [2][-]{subsection.2.4}{\376\377\000R\000u\000s\000t\000-\000E\000n\000u\000m\000-\000F\000u\000n\000k\000t\000i\000o\000n\000a\000l\000i\000t\000\344\000t\000\040\000i\000n\000\040\000J\000a\000v\000a}{section.2}% 20
\BOOKMARK [3][-]{subsubsection.2.4.1}{\376\377\000S\000w\000i\000t\000c\000h\000\040\000C\000a\000s\000e\000\040\000v\000s\000\040\000M\000a\000t\000c\000h}{subsection.2.4}% 21
\BOOKMARK [3][-]{subsubsection.2.4.2}{\376\377\000E\000x\000p\000r\000e\000s\000s\000i\000o\000n\000-\000L\000o\000g\000i\000k\000\040\000i\000n\000\040\000J\000a\000v\000a}{subsection.2.4}% 22
\BOOKMARK [3][-]{subsubsection.2.4.3}{\376\377\000J\000a\000v\000a\000\040\000E\000n\000u\000m\000s\000\040\000a\000m\000\040\000L\000i\000m\000i\000t\000\040\000-\000\040\000W\000r\000a\000p\000p\000e\000r\000i\000n\000s\000t\000a\000n\000z\000\040\000f\000\374\000r\000\040\000d\000e\000n\000\040\000T\000y\000p}{subsection.2.4}% 23
\BOOKMARK [3][-]{subsubsection.2.4.4}{\376\377\000E\000n\000u\000m\000s\000\040\000k\000o\000m\000b\000i\000n\000i\000e\000r\000t\000\040\000m\000i\000t\000\040\000K\000l\000a\000s\000s\000e\000n}{subsection.2.4}% 24
\BOOKMARK [1][-]{section.3}{\376\377\000T\000r\000a\000i\000t\000s}{}% 25
\BOOKMARK [2][-]{subsection.3.1}{\376\377\000T\000r\000a\000i\000t\000s\000\040\000i\000n\000\040\000R\000u\000s\000t}{section.3}% 26
\BOOKMARK [3][-]{subsubsection.3.1.1}{\376\377\000E\000i\000n\000f\000a\000c\000h\000e\000r\000\040\000T\000r\000a\000i\000t}{subsection.3.1}% 27
\BOOKMARK [3][-]{subsubsection.3.1.2}{\376\377\000D\000e\000f\000a\000u\000l\000t\000-\000I\000m\000p\000l\000e\000m\000e\000n\000t\000a\000t\000i\000o\000n\000e\000n}{subsection.3.1}% 28
\BOOKMARK [3][-]{subsubsection.3.1.3}{\376\377\000T\000r\000a\000i\000t\000\040\000B\000o\000u\000n\000d\000s}{subsection.3.1}% 29
\BOOKMARK [3][-]{subsubsection.3.1.4}{\376\377\000D\000y\000n\000a\000m\000i\000s\000c\000h\000e\000\040\000T\000r\000a\000i\000t\000s}{subsection.3.1}% 30
\BOOKMARK [3][-]{subsubsection.3.1.5}{\376\377\000K\000u\000r\000z\000s\000c\000h\000r\000e\000i\000b\000w\000e\000i\000s\000e\000\040\000f\000\374\000r\000\040\000d\000y\000n\000a\000m\000i\000s\000c\000h\000e\000\040\000T\000r\000a\000i\000t\000s}{subsection.3.1}% 31
\BOOKMARK [3][-]{subsubsection.3.1.6}{\376\377\000S\000h\000o\000r\000t\000h\000a\000n\000d\000\040\000S\000c\000h\000r\000e\000i\000b\000w\000e\000i\000s\000e}{subsection.3.1}% 32
\BOOKMARK [3][-]{subsubsection.3.1.7}{\376\377\000P\000l\000a\000t\000z\000h\000a\000l\000t\000e\000r\000t\000y\000p\000e\000n}{subsection.3.1}% 33
\BOOKMARK [3][-]{subsubsection.3.1.8}{\376\377\000A\000s\000s\000o\000z\000i\000i\000e\000r\000t\000e\000\040\000K\000o\000n\000s\000t\000a\000n\000t\000e\000n}{subsection.3.1}% 34
\BOOKMARK [2][-]{subsection.3.2}{\376\377\000M\000\344\000c\000h\000t\000i\000g\000k\000e\000i\000t\000\040\000v\000o\000n\000\040\000T\000r\000a\000i\000t\000s}{section.3}% 35
\BOOKMARK [3][-]{subsubsection.3.2.1}{\376\377\000G\000l\000e\000i\000c\000h\000e\000\040\000M\000e\000t\000h\000o\000d\000e\000n\000s\000i\000g\000n\000a\000t\000u\000r}{subsection.3.2}% 36
\BOOKMARK [3][-]{subsubsection.3.2.2}{\376\377\000G\000e\000n\000e\000r\000i\000s\000c\000h\000e\000\040\000M\000e\000h\000r\000f\000a\000c\000h\000i\000m\000p\000l\000e\000m\000e\000n\000t\000i\000e\000r\000u\000n\000g}{subsection.3.2}% 37
\BOOKMARK [3][-]{subsubsection.3.2.3}{\376\377\000S\000c\000h\000r\000e\000i\000b\000e\000w\000e\000i\000s\000e\000\040\000b\000e\000i\000\040\000U\000n\000e\000i\000n\000d\000e\000u\000t\000i\000g\000k\000e\000i\000t}{subsection.3.2}% 38
\BOOKMARK [3][-]{subsubsection.3.2.4}{\376\377\000S\000u\000p\000e\000r\000t\000r\000a\000i\000t\000s}{subsection.3.2}% 39
\BOOKMARK [3][-]{subsubsection.3.2.5}{\376\377\000R\000e\000f\000e\000r\000e\000n\000z\000i\000e\000r\000u\000n\000g\000\040\000d\000e\000s\000\040\000e\000i\000g\000e\000n\000e\000n\000\040\000T\000y\000p\000e\000n}{subsection.3.2}% 40
\BOOKMARK [3][-]{subsubsection.3.2.6}{\376\377\000F\000u\000n\000k\000t\000i\000o\000n\000a\000l\000i\000t\000\344\000t\000\040\000f\000\374\000r\000\040\000T\000h\000i\000r\000d\000-\000P\000a\000r\000t\000y\000-\000D\000a\000t\000e\000n\000t\000y\000p\000e\000n}{subsection.3.2}% 41
\BOOKMARK [3][-]{subsubsection.3.2.7}{\376\377\000K\000o\000n\000d\000i\000t\000i\000o\000n\000e\000l\000l\000e\000\040\000I\000m\000p\000l\000e\000m\000e\000n\000t\000i\000e\000r\000u\000n\000g}{subsection.3.2}% 42
\BOOKMARK [3][-]{subsubsection.3.2.8}{\376\377\000M\000u\000l\000t\000i\000p\000l\000e\000s\000\040\000B\000i\000n\000d\000i\000n\000g}{subsection.3.2}% 43
\BOOKMARK [2][-]{subsection.3.3}{\376\377\000T\000r\000a\000i\000t\000f\000u\000n\000k\000t\000i\000o\000n\000a\000l\000i\000t\000\344\000t\000\040\000i\000n\000\040\000J\000a\000v\000a}{section.3}% 44
\BOOKMARK [3][-]{subsubsection.3.3.1}{\376\377\000N\000i\000c\000h\000t\000\040\000v\000e\000r\000e\000i\000n\000b\000a\000r\000e\000\040\000I\000n\000t\000e\000r\000f\000a\000c\000e\000s\000\040\000\050\000J\000a\000v\000a\000\051}{subsection.3.3}% 45
\BOOKMARK [3][-]{subsubsection.3.3.2}{\376\377\000G\000e\000n\000e\000r\000i\000s\000c\000h\000e\000\040\000M\000e\000h\000r\000f\000a\000c\000h\000i\000m\000p\000l\000e\000m\000e\000n\000t\000i\000e\000r\000u\000n\000g\000\040\000\050\000J\000a\000v\000a\000\051}{subsection.3.3}% 46
\BOOKMARK [3][-]{subsubsection.3.3.3}{\376\377\000F\000u\000n\000k\000t\000i\000o\000n\000a\000l\000i\000t\000\344\000t\000\040\000f\000\374\000r\000\040\000T\000h\000i\000r\000d\000-\000P\000a\000r\000t\000y\000-\000D\000a\000t\000e\000n\000t\000y\000p\000e\000n\000\040\000\050\000J\000a\000v\000a\000\051}{subsection.3.3}% 47
\BOOKMARK [3][-]{subsubsection.3.3.4}{\376\377\000K\000o\000n\000d\000i\000t\000i\000o\000n\000e\000l\000l\000e\000\040\000I\000m\000p\000l\000e\000m\000e\000n\000t\000i\000e\000r\000u\000n\000g\000\040\000\050\000J\000a\000v\000a\000\051}{subsection.3.3}% 48
\BOOKMARK [1][-]{section.4}{\376\377\000V\000e\000r\000g\000l\000e\000i\000c\000h}{}% 49
