\BOOKMARK [1][-]{section.1}{\376\377\000E\000i\000n\000l\000e\000i\000t\000u\000n\000g}{}% 1
\BOOKMARK [1][-]{section.2}{\376\377\000E\000n\000u\000m\000s}{}% 2
\BOOKMARK [2][-]{subsection.2.1}{\376\377\000E\000n\000u\000m\000s\000\040\000i\000n\000\040\000R\000u\000s\000t}{section.2}% 3
\BOOKMARK [3][-]{subsubsection.2.1.1}{\376\377\000M\000a\000t\000c\000h\000\040\000S\000t\000a\000t\000e\000m\000e\000n\000t}{subsection.2.1}% 4
\BOOKMARK [3][-]{subsubsection.2.1.2}{\376\377\000D\000e\000r\000\040\000E\000n\000u\000m\000\040\000a\000l\000s\000\040\000a\000l\000g\000e\000b\000r\000a\000i\000s\000c\000h\000e\000r\000\040\000D\000a\000t\000e\000n\000t\000y\000p}{subsection.2.1}% 5
\BOOKMARK [3][-]{subsubsection.2.1.3}{\376\377\000R\000e\000k\000u\000s\000i\000v\000e\000\040\000E\000n\000u\000m\000s\000\040\000u\000n\000d\000\040\000D\000a\000t\000e\000n\000t\000y\000p\000e\000n}{subsection.2.1}% 6
\BOOKMARK [3][-]{subsubsection.2.1.4}{\376\377\000N\000e\000s\000t\000e\000d\000\040\000P\000a\000t\000t\000e\000r\000n\000\040\000M\000a\000t\000c\000h\000i\000n\000g}{subsection.2.1}% 7
\BOOKMARK [3][-]{subsubsection.2.1.5}{\376\377\000G\000e\000n\000e\000r\000i\000s\000c\000h\000e\000\040\000E\000n\000u\000m\000s}{subsection.2.1}% 8
\BOOKMARK [3][-]{subsubsection.2.1.6}{\376\377\000V\000e\000r\000w\000e\000n\000d\000u\000n\000g\000\040\000d\000e\000s\000\040\000R\000u\000s\000t\000\040\000E\000n\000u\000m\000s\000\040\000z\000u\000r\000\040\000V\000e\000r\000m\000e\000i\000d\000u\000n\000g\000\040\000v\000o\000n\000\040\000N\000u\000l\000l\000p\000o\000i\000n\000t\000e\000r\000-\000A\000u\000s\000n\000a\000h\000m\000e\000n}{subsection.2.1}% 9
\BOOKMARK [2][-]{subsection.2.2}{\376\377\000E\000n\000u\000m\000s\000\040\000i\000n\000\040\000J\000a\000v\000a}{section.2}% 10
\BOOKMARK [3][-]{subsubsection.2.2.1}{\376\377\000N\000o\000r\000m\000a\000l\000e\000\040\000E\000n\000u\000m\000s}{subsection.2.2}% 11
\BOOKMARK [3][-]{subsubsection.2.2.2}{\376\377\000E\000n\000u\000m\000s\000\040\000m\000i\000t\000\040\000W\000e\000r\000t\000e\000n}{subsection.2.2}% 12
\BOOKMARK [3][-]{subsubsection.2.2.3}{\376\377\000E\000n\000u\000m\000\040\000F\000u\000n\000k\000t\000i\000o\000n\000e\000n}{subsection.2.2}% 13
\BOOKMARK [2][-]{subsection.2.3}{\376\377\000V\000e\000r\000g\000l\000e\000i\000c\000h\000\040\000v\000o\000n\000\040\000J\000a\000v\000a\000\040\000u\000n\000d\000\040\000R\000u\000s\000t\000\040\000E\000n\000u\000m\000s}{section.2}% 14
\BOOKMARK [2][-]{subsection.2.4}{\376\377\000R\000u\000s\000t\000\040\000E\000n\000u\000m\000\040\000I\000m\000p\000l\000e\000m\000e\000n\000t\000a\000t\000i\000o\000n\000s\000b\000e\000i\000s\000p\000i\000e\000l\000e}{section.2}% 15
\BOOKMARK [2][-]{subsection.2.5}{\376\377\000B\000e\000i\000s\000p\000i\000e\000l\000f\000u\000n\000k\000t\000i\000o\000n\000a\000l\000i\000t\000\344\000t\000\040\000i\000n\000\040\000J\000a\000v\000a}{section.2}% 16
\BOOKMARK [3][-]{subsubsection.2.5.1}{\376\377\000E\000x\000p\000r\000e\000s\000s\000i\000o\000n\000-\000L\000o\000g\000i\000k\000\040\000i\000n\000\040\000J\000a\000v\000a}{subsection.2.5}% 17
\BOOKMARK [3][-]{subsubsection.2.5.2}{\376\377\000J\000a\000v\000a\000\040\000E\000n\000u\000m\000s\000\040\000a\000m\000\040\000L\000i\000m\000i\000t\000\040\000-\000\040\000I\000d\000e\000e\000\040\000e\000i\000n\000e\000r\000\040\000W\000r\000a\000p\000p\000e\000r\000i\000n\000s\000t\000a\000n\000z\000\040\000f\000\374\000r\000\040\000d\000e\000n\000\040\000T\000y\000p}{subsection.2.5}% 18
\BOOKMARK [1][-]{section.3}{\376\377\000T\000r\000a\000i\000t\000s}{}% 19
\BOOKMARK [2][-]{subsection.3.1}{\376\377\000A\000l\000l\000g\000e\000m\000e\000i\000n\000e\000s\000\040\000z\000u\000\040\000T\000r\000a\000i\000t\000s}{section.3}% 20
\BOOKMARK [3][-]{subsubsection.3.1.1}{\376\377\000T\000r\000a\000i\000t\000s\000\040\000s\000i\000n\000d\000\040\000k\000e\000i\000n\000e\000\040\000T\000y\000p\000e\000n}{subsection.3.1}% 21
\BOOKMARK [2][-]{subsection.3.2}{\376\377\000T\000r\000a\000i\000t\000s\000\040\000i\000n\000\040\000R\000u\000s\000t}{section.3}% 22
\BOOKMARK [3][-]{subsubsection.3.2.1}{\376\377\000D\000e\000f\000a\000u\000l\000t\000-\000I\000m\000p\000l\000e\000m\000e\000n\000t\000a\000t\000i\000o\000n\000e\000n}{subsection.3.2}% 23
\BOOKMARK [3][-]{subsubsection.3.2.2}{\376\377\000T\000r\000a\000i\000t\000\040\000B\000o\000u\000n\000d\000s}{subsection.3.2}% 24
\BOOKMARK [3][-]{subsubsection.3.2.3}{\376\377\000D\000y\000n\000a\000m\000i\000s\000c\000h\000e\000\040\000T\000r\000a\000i\000t\000s}{subsection.3.2}% 25
\BOOKMARK [3][-]{subsubsection.3.2.4}{\376\377\000T\000r\000a\000i\000t\000s\000\040\000a\000l\000s\000\040\000P\000a\000r\000a\000m\000e\000t\000e\000r}{subsection.3.2}% 26
\BOOKMARK [3][-]{subsubsection.3.2.5}{\376\377\000S\000u\000p\000e\000r\000t\000r\000a\000i\000t\000s}{subsection.3.2}% 27
\BOOKMARK [3][-]{subsubsection.3.2.6}{\376\377\000R\000e\000f\000e\000r\000e\000n\000z\000i\000e\000r\000u\000n\000g\000\040\000d\000e\000s\000\040\000e\000i\000g\000e\000n\000e\000n\000\040\000T\000y\000p\000e\000n}{subsection.3.2}% 28
\BOOKMARK [3][-]{subsubsection.3.2.7}{\376\377\000S\000p\000e\000z\000i\000f\000i\000z\000i\000e\000r\000u\000n\000g\000\040\000v\000o\000n\000\040\000P\000l\000a\000t\000z\000h\000a\000l\000t\000e\000r\000t\000y\000p\000e\000n}{subsection.3.2}% 29
\BOOKMARK [3][-]{subsubsection.3.2.8}{\376\377\000S\000h\000o\000r\000t\000h\000a\000n\000d\000\040\000S\000c\000h\000r\000e\000i\000b\000w\000e\000i\000s\000e}{subsection.3.2}% 30
\BOOKMARK [3][-]{subsubsection.3.2.9}{\376\377\000S\000c\000h\000r\000e\000i\000b\000e\000w\000e\000i\000s\000e\000\040\000b\000e\000i\000\040\000U\000n\000e\000i\000n\000d\000e\000u\000t\000i\000g\000k\000e\000i\000t}{subsection.3.2}% 31
\BOOKMARK [2][-]{subsection.3.3}{\376\377\000R\000u\000s\000t\000\040\000T\000r\000a\000i\000t\000\040\000B\000e\000i\000s\000p\000i\000e\000l\000e}{section.3}% 32
\BOOKMARK [2][-]{subsection.3.4}{\376\377\000B\000e\000i\000s\000p\000i\000e\000l\000f\000u\000n\000k\000t\000i\000o\000n\000a\000l\000i\000t\000\344\000t\000\040\000i\000n\000\040\000J\000a\000v\000a}{section.3}% 33
\BOOKMARK [1][-]{section.4}{\376\377\000V\000e\000r\000g\000l\000e\000i\000c\000h\000\040\000d\000e\000r\000\040\000b\000e\000i\000d\000e\000n\000\040\000A\000n\000s\000\344\000t\000z\000e}{}% 34
